main                                                                                                                    PAGE 1
                         1     ;  ___ _
                         2     ; / __) |
                         3     ;| |__| | ____ ____  ____  _   _     ____  ___ ____
                         4     ;|  __) |/ _  |  _ \|  _ \| | | |   / _  |/___)    \
                         5     ;| |  | ( ( | | | | | | | | |_| |  ( ( | |___ | | | |
                         6     ;|_|  |_|\_||_| ||_/| ||_/ \__  |   \_||_(___/|_|_|_|
                         7     ;             |_|   |_|   (____/
                         8
                         9     ; Autor:
                        10     ; -> David Waidner
                        11     ; -> Matthias Häfele
                        12
                        13     ; DHBW Karlsruhe
                        14     ;
                        15     ;Anleitungen:
                        16     ;
                        17     ; Zeitgeber/Zähler-Steuerregister (TCON):
                        18     ; hhttp://www.self8051.de/zeitgeber_z%C3%A4hler-steuerregister_(tcon),18155.html
                        19     ;
                        20     ; Port 0 bis 3
                        21     ; http://www.self8051.de/port_0_bis_3,18218.html
                        22     ;
                        23     ; Alle Befehle
                        24     ; http://www.self8051.de/alle_Befehle_des_8051_Mikrocontroller,13290.html
                        25     ;
                        26     org 000H
0000 020016             27     jmp main ; Springt zu main
                        28
                        29     ; Einsprungpunkt für die Interrupt Servic Routine (ISR) (Hardware)
                        30     org 003H
0003 02004D             31             ljmp interrupt0 ; Springt zur interrupt0 Marke
                        32
                        33
                        34     org 013H
0013 020058             35             ljmp interrupt1 ; Springt zur interrupt0 Marke
                        36
                        37
                        38     main:
0016 D2AF               39             setb EA         ; Aktiviert Interrupt System (Enable All)
                        40
0018 D2A8               41             setb EX0        ; Aktiviert den External Interrupt 0 (Port 3.2)
001A D288               42             setb IT0        ; Internal Timer 0 aktivieren. reagiert somit auf die negativ Flanke
                        43
001C D2AA               44             setb EX1        ; Aktiviert den External Interrupt 1 (Port 3.3)
001E D28A               45             setb IT1        ; Internal Timer 1 aktivieren. reagiert somit auf die negativ Flanke
                        46
                        47             ; Wandmuster initialisieren und im Registerspeicher ablegen
0020 780A               48             mov R0,#00AH
0022 76CF               49             mov @R0,#11001111b
0024 08                 50             inc R0
0025 76E7               51             mov @R0,#11100111b
0027 08                 52             inc R0
0028 76F3               53             mov @R0,#11110011b
002A 08                 54             inc R0
002B 76E7               55             mov @R0,#11100111b
002D 08                 56             inc R0
002E 76FC               57             mov @R0,#11111100b
0030 08                 58             inc R0
0031 76F3               59             mov @R0,#11110011b
                        60
                        61
                        62             ; Vogel Initialisieren
0033 7408               63             mov A,#008H
0035 F5A0               64             mov P2,A
0037 7A03               65             mov R2,#03H
                        66
                        67             ; Panel für Wand initialisieren
0039 7401               68             mov A,#00000001b
003B F580               69             mov P0,A
                        70
003D E6                 71             mov A,@R0
003E F590               72             mov P1,A
                        73
                        74             ; In Endlosschleife springen
0040 020043             75             jmp loop
                        76
                        77     ; Endlosschleife
                        78     loop:
                        79             ; Lässt den Vogel alle drei mal fallen
0043 EA                 80             mov A,R2
0044 14                 81             dec A
0045 FA                 82             mov R2,A
0046 604D               83             jz vogeldrop ; Vogel fällt
                        84
0048 790A               85             mov R1,#00AH ; Länge der Pause
                        86
004A 020063             87             jmp animationspause
                        88
                        89
                        90     ; ISR 1
                        91     interrupt0:
                        92
                        93             ; Dividiert den Inhalt von P2 durch 2 und lädt ihn wieder in P1 (Punkt nach oben)
004D E5A0               94             mov A,P2
004F 75F002             95             mov B,#02H
0052 84                 96             div AB
0053 F5A0               97             mov P2,A
                        98
0055 C289               99             clr IE0 ; Kennzeichnungsbit für externen Interrupt wird gesetzt (=1) bei bei einem Interrupt
                       100
0057 32                101             RETI
                       102
                       103     ; ISR 2
                       104     interrupt1:
                       105
                       106             ; Multipliziert den Inhalt von P2 mit 2 und lädt ihn wieder in P1 (Punkt nach unten)
0058 E5A0              107             mov A,P2
005A 75F002            108             mov B,#02H
005D A4                109             mul AB
005E F5A0              110             mov P2,A
                       111
0060 C28B              112             clr IE1 ; Kennzeichnungsbit für externen Interrupt wird gesetzt (=1) bei bei einem Interrupt
                       113
0062 32                114             RETI
                       115
                       116     animationspause:
0063 D9FE              117             djnz R1,$
0065 020068            118             jmp animation
                       119
                       120     ; Bewegt die Wand nach links
                       121     animation:
                       122             ; Wenn der Vogel weg ist
0068 E5A0              123             mov A,P2
006A 6035              124             jz gameover1
                       125
                       126             ; Multipliziere Port 2 mit 2. Bewegt die Wand nach links
006C E580              127             mov A,P0
006E 75F002            128             mov B,#02H
0071 A4                129             mul AB
0072 F580              130             mov P0,A
0074 9480              131             subb A,#080H
                       132
0076 6002              133             jz neuewand
                       134
0078 80C9              135             jmp loop
                       136
                       137     ; Eine neue Wand aus dem Array
                       138     neuewand:
                       139             ; Kollisionserkennung
007A E590              140             mov A,P1
007C FB                141             mov R3,A
007D E5A0              142             mov A,P2
007F 5B                143             anl A,R3
0080 701F              144             jnz gameover1
                       145
                       146             ; Wand zurück nach links schieben
0082 7401              147             mov A,#00000001b
0084 F580              148             mov P0,A
                       149
                       150
                       151             ; Ein Wandmuster weiterschalten
0086 18                152             dec R0
0087 E6                153             mov A,@R0
0088 F590              154             mov P1,A
                       155
                       156             ; Schauen ob das Array zu ende ist
008A 740A              157             mov A,#0AH
008C 98                158             subb A,R0
008D 6002              159             jz wandreset
                       160
008F 80B2              161             jmp loop
                       162
                       163     ; Setzt das Wand Array auf die Startposition zurück
                       164     wandreset:
0091 780F              165             mov R0,#0FH
0093 80AE              166             jmp loop
                       167
                       168     ; Lässt Vogel fallen
                       169     vogeldrop:
0095 7A04              170             mov R2,#04H
                       171
                       172             ; Multipliziert den Inhalt von P2 mit 2 und lädt ihn wieder in P1 (Punkt nach unten)
0097 E5A0              173             mov A,P2
0099 75F002            174             mov B,#02H
009C A4                175             mul AB
009D F5A0              176             mov P2,A
                       177
009F 80A2              178             jmp loop
                       179
                       180     ; Matrix blinkt
                       181     gameover1:
00A1 74FF              182             mov A,#0FFH
00A3 F580              183             mov P0,A
00A5 F590              184             mov P1,A
00A7 0200AA            185             jmp gameover2
                       186
                       187     gameover2:
00AA 7400              188             mov A,#000H
00AC F580              189             mov P0,A
00AE F590              190             mov P1,A
00B0 80EF              191             jmp gameover1
                       192
****WARNING:Missing`END'directive
ASSEMBLY COMPLETE, NO ERRORS FOUND, 1 WARNING


ERROR SUMMARY:
Line 192, WARNING:Missing`END'directive

SYMBOL TABLE:
??MCU_8051_IDE . . . . . . . . . . .  N  NUMB  8051H  NOT USED
??VERSION. . . . . . . . . . . . . .  N  NUMB  0149H  NOT USED
AC . . . . . . . . . . . . . . . . .  B  ADDR  00D6H  NOT USED
ACC. . . . . . . . . . . . . . . . .  D  ADDR  00E0H  NOT USED
ACSR . . . . . . . . . . . . . . . .  D  ADDR  0097H  NOT USED
ADCF . . . . . . . . . . . . . . . .  D  ADDR  00F6H  NOT USED
ADCLK. . . . . . . . . . . . . . . .  D  ADDR  00F2H  NOT USED
ADCON. . . . . . . . . . . . . . . .  D  ADDR  00F3H  NOT USED
ADDH . . . . . . . . . . . . . . . .  D  ADDR  00F5H  NOT USED
ADDL . . . . . . . . . . . . . . . .  D  ADDR  00F4H  NOT USED
ANIMATION. . . . . . . . . . . . . .  C  ADDR  0068H
ANIMATIONSPAUSE. . . . . . . . . . .  C  ADDR  0063H
AUXR . . . . . . . . . . . . . . . .  D  ADDR  008EH  NOT USED
AUXR1. . . . . . . . . . . . . . . .  D  ADDR  00A2H  NOT USED
B. . . . . . . . . . . . . . . . . .  D  ADDR  00F0H
BDRCON . . . . . . . . . . . . . . .  D  ADDR  009BH  NOT USED
BDRCON_1 . . . . . . . . . . . . . .  D  ADDR  009CH  NOT USED
BRL. . . . . . . . . . . . . . . . .  D  ADDR  009AH  NOT USED
CCAP0H . . . . . . . . . . . . . . .  D  ADDR  00FAH  NOT USED
CCAP0L . . . . . . . . . . . . . . .  D  ADDR  00EAH  NOT USED
CCAP1H . . . . . . . . . . . . . . .  D  ADDR  00FBH  NOT USED
CCAP1L . . . . . . . . . . . . . . .  D  ADDR  00EBH  NOT USED
CCAP2H . . . . . . . . . . . . . . .  D  ADDR  00FCH  NOT USED
CCAP3H . . . . . . . . . . . . . . .  D  ADDR  00FDH  NOT USED
CCAP4H . . . . . . . . . . . . . . .  D  ADDR  00FEH  NOT USED
CCAPL2H. . . . . . . . . . . . . . .  D  ADDR  00FCH  NOT USED
CCAPL2L. . . . . . . . . . . . . . .  D  ADDR  00ECH  NOT USED
CCAPL3H. . . . . . . . . . . . . . .  D  ADDR  00FDH  NOT USED
CCAPL3L. . . . . . . . . . . . . . .  D  ADDR  00EDH  NOT USED
CCAPL4H. . . . . . . . . . . . . . .  D  ADDR  00FEH  NOT USED
CCAPL4L. . . . . . . . . . . . . . .  D  ADDR  00EEH  NOT USED
CCAPM0 . . . . . . . . . . . . . . .  D  ADDR  00DAH  NOT USED
CCAPM1 . . . . . . . . . . . . . . .  D  ADDR  00DBH  NOT USED
CCAPM2 . . . . . . . . . . . . . . .  D  ADDR  00DCH  NOT USED
CCAPM3 . . . . . . . . . . . . . . .  D  ADDR  00DDH  NOT USED
CCAPM4 . . . . . . . . . . . . . . .  D  ADDR  00DEH  NOT USED
CCF0 . . . . . . . . . . . . . . . .  B  ADDR  00D8H  NOT USED
CCF1 . . . . . . . . . . . . . . . .  B  ADDR  00D9H  NOT USED
CCF2 . . . . . . . . . . . . . . . .  B  ADDR  00DAH  NOT USED
CCF3 . . . . . . . . . . . . . . . .  B  ADDR  00DBH  NOT USED
CCF4 . . . . . . . . . . . . . . . .  B  ADDR  00DCH  NOT USED
CCON . . . . . . . . . . . . . . . .  D  ADDR  00D8H  NOT USED
CFINT. . . . . . . . . . . . . . . .  C  ADDR  0033H  NOT USED
CH . . . . . . . . . . . . . . . . .  D  ADDR  00F9H  NOT USED
CKCON. . . . . . . . . . . . . . . .  D  ADDR  008FH  NOT USED
CKCON0 . . . . . . . . . . . . . . .  D  ADDR  008FH  NOT USED
CKRL . . . . . . . . . . . . . . . .  D  ADDR  0097H  NOT USED
CKSEL. . . . . . . . . . . . . . . .  D  ADDR  0085H  NOT USED
CL . . . . . . . . . . . . . . . . .  D  ADDR  00E9H  NOT USED
CLKREG . . . . . . . . . . . . . . .  D  ADDR  008FH  NOT USED
CMOD . . . . . . . . . . . . . . . .  D  ADDR  00D9H  NOT USED
CPRL2. . . . . . . . . . . . . . . .  B  ADDR  00C8H  NOT USED
CR . . . . . . . . . . . . . . . . .  B  ADDR  00DEH  NOT USED
CT2. . . . . . . . . . . . . . . . .  B  ADDR  00C9H  NOT USED
CY . . . . . . . . . . . . . . . . .  B  ADDR  00D7H  NOT USED
DP0H . . . . . . . . . . . . . . . .  D  ADDR  0083H  NOT USED
DP0L . . . . . . . . . . . . . . . .  D  ADDR  0082H  NOT USED
DP1H . . . . . . . . . . . . . . . .  D  ADDR  0085H  NOT USED
DP1L . . . . . . . . . . . . . . . .  D  ADDR  0084H  NOT USED
DPH. . . . . . . . . . . . . . . . .  D  ADDR  0083H  NOT USED
DPL. . . . . . . . . . . . . . . . .  D  ADDR  0082H  NOT USED
EA . . . . . . . . . . . . . . . . .  B  ADDR  00AFH
EC . . . . . . . . . . . . . . . . .  B  ADDR  00AEH  NOT USED
EECON. . . . . . . . . . . . . . . .  D  ADDR  0096H  NOT USED
ES . . . . . . . . . . . . . . . . .  B  ADDR  00ACH  NOT USED
ET0. . . . . . . . . . . . . . . . .  B  ADDR  00A9H  NOT USED
ET1. . . . . . . . . . . . . . . . .  B  ADDR  00ABH  NOT USED
ET2. . . . . . . . . . . . . . . . .  B  ADDR  00ADH  NOT USED
EX0. . . . . . . . . . . . . . . . .  B  ADDR  00A8H
EX1. . . . . . . . . . . . . . . . .  B  ADDR  00AAH
EXEN2. . . . . . . . . . . . . . . .  B  ADDR  00CBH  NOT USED
EXF2 . . . . . . . . . . . . . . . .  B  ADDR  00CEH  NOT USED
EXTI0. . . . . . . . . . . . . . . .  C  ADDR  0003H  NOT USED
EXTI1. . . . . . . . . . . . . . . .  C  ADDR  0013H  NOT USED
F0 . . . . . . . . . . . . . . . . .  B  ADDR  00D5H  NOT USED
FE . . . . . . . . . . . . . . . . .  B  ADDR  009FH  NOT USED
GAMEOVER1. . . . . . . . . . . . . .  C  ADDR  00A1H
GAMEOVER2. . . . . . . . . . . . . .  C  ADDR  00AAH
IE . . . . . . . . . . . . . . . . .  D  ADDR  00A8H  NOT USED
IE0. . . . . . . . . . . . . . . . .  B  ADDR  0089H
IE1. . . . . . . . . . . . . . . . .  B  ADDR  008BH
INT0 . . . . . . . . . . . . . . . .  B  ADDR  00B2H  NOT USED
INT1 . . . . . . . . . . . . . . . .  B  ADDR  00B3H  NOT USED
INTERRUPT0 . . . . . . . . . . . . .  C  ADDR  004DH
INTERRUPT1 . . . . . . . . . . . . .  C  ADDR  0058H
IP . . . . . . . . . . . . . . . . .  D  ADDR  00B8H  NOT USED
IPH. . . . . . . . . . . . . . . . .  D  ADDR  00B7H  NOT USED
IPH0 . . . . . . . . . . . . . . . .  D  ADDR  00B7H  NOT USED
IPH1 . . . . . . . . . . . . . . . .  D  ADDR  00B3H  NOT USED
IPL0 . . . . . . . . . . . . . . . .  D  ADDR  00B8H  NOT USED
IPL1 . . . . . . . . . . . . . . . .  D  ADDR  00B2H  NOT USED
IT0. . . . . . . . . . . . . . . . .  B  ADDR  0088H
IT1. . . . . . . . . . . . . . . . .  B  ADDR  008AH
KBE. . . . . . . . . . . . . . . . .  D  ADDR  009DH  NOT USED
KBF. . . . . . . . . . . . . . . . .  D  ADDR  009EH  NOT USED
KBLS . . . . . . . . . . . . . . . .  D  ADDR  009CH  NOT USED
LOOP . . . . . . . . . . . . . . . .  C  ADDR  0043H
MAIN . . . . . . . . . . . . . . . .  C  ADDR  0016H
NEUEWAND . . . . . . . . . . . . . .  C  ADDR  007AH
OSCCON . . . . . . . . . . . . . . .  D  ADDR  0086H  NOT USED
OV . . . . . . . . . . . . . . . . .  B  ADDR  00D2H  NOT USED
P. . . . . . . . . . . . . . . . . .  B  ADDR  00D0H  NOT USED
P0 . . . . . . . . . . . . . . . . .  D  ADDR  0080H
P1 . . . . . . . . . . . . . . . . .  D  ADDR  0090H
P1M1 . . . . . . . . . . . . . . . .  D  ADDR  00D4H  NOT USED
P1M2 . . . . . . . . . . . . . . . .  D  ADDR  00E2H  NOT USED
P2 . . . . . . . . . . . . . . . . .  D  ADDR  00A0H
P3 . . . . . . . . . . . . . . . . .  D  ADDR  00B0H  NOT USED
P3M1 . . . . . . . . . . . . . . . .  D  ADDR  00D5H  NOT USED
P3M2 . . . . . . . . . . . . . . . .  D  ADDR  00E3H  NOT USED
P4 . . . . . . . . . . . . . . . . .  D  ADDR  00C0H  NOT USED
P4M1 . . . . . . . . . . . . . . . .  D  ADDR  00D6H  NOT USED
P4M2 . . . . . . . . . . . . . . . .  D  ADDR  00E4H  NOT USED
P5 . . . . . . . . . . . . . . . . .  D  ADDR  00E8H  NOT USED
PC . . . . . . . . . . . . . . . . .  B  ADDR  00BEH  NOT USED
PCON . . . . . . . . . . . . . . . .  D  ADDR  0087H  NOT USED
PPCL . . . . . . . . . . . . . . . .  B  ADDR  00BEH  NOT USED
PS . . . . . . . . . . . . . . . . .  B  ADDR  00BCH  NOT USED
PSL. . . . . . . . . . . . . . . . .  B  ADDR  00BCH  NOT USED
PSW. . . . . . . . . . . . . . . . .  D  ADDR  00D0H  NOT USED
PT0. . . . . . . . . . . . . . . . .  B  ADDR  00B9H  NOT USED
PT0L . . . . . . . . . . . . . . . .  B  ADDR  00B9H  NOT USED
PT1. . . . . . . . . . . . . . . . .  B  ADDR  00BBH  NOT USED
PT1L . . . . . . . . . . . . . . . .  B  ADDR  00BBH  NOT USED
PT2. . . . . . . . . . . . . . . . .  B  ADDR  00BDH  NOT USED
PT2L . . . . . . . . . . . . . . . .  B  ADDR  00BDH  NOT USED
PX0. . . . . . . . . . . . . . . . .  B  ADDR  00B8H  NOT USED
PX0L . . . . . . . . . . . . . . . .  B  ADDR  00B8H  NOT USED
PX1. . . . . . . . . . . . . . . . .  B  ADDR  00BAH  NOT USED
PX1L . . . . . . . . . . . . . . . .  B  ADDR  00BAH  NOT USED
RB8. . . . . . . . . . . . . . . . .  B  ADDR  009AH  NOT USED
RCAP2H . . . . . . . . . . . . . . .  D  ADDR  00CBH  NOT USED
RCAP2L . . . . . . . . . . . . . . .  D  ADDR  00CAH  NOT USED
RCLK . . . . . . . . . . . . . . . .  B  ADDR  00CDH  NOT USED
RD . . . . . . . . . . . . . . . . .  B  ADDR  00B7H  NOT USED
REN. . . . . . . . . . . . . . . . .  B  ADDR  009CH  NOT USED
RESET. . . . . . . . . . . . . . . .  C  ADDR  0000H  NOT USED
RI . . . . . . . . . . . . . . . . .  B  ADDR  0098H  NOT USED
RS0. . . . . . . . . . . . . . . . .  B  ADDR  00D3H  NOT USED
RS1. . . . . . . . . . . . . . . . .  B  ADDR  00D4H  NOT USED
RXD. . . . . . . . . . . . . . . . .  B  ADDR  00B0H  NOT USED
SADDR. . . . . . . . . . . . . . . .  D  ADDR  00A9H  NOT USED
SADDR_0. . . . . . . . . . . . . . .  D  ADDR  00A9H  NOT USED
SADDR_1. . . . . . . . . . . . . . .  D  ADDR  00AAH  NOT USED
SADEN. . . . . . . . . . . . . . . .  D  ADDR  00B9H  NOT USED
SADEN_0. . . . . . . . . . . . . . .  D  ADDR  00B9H  NOT USED
SADEN_1. . . . . . . . . . . . . . .  D  ADDR  00BAH  NOT USED
SBUF . . . . . . . . . . . . . . . .  D  ADDR  0099H  NOT USED
SCON . . . . . . . . . . . . . . . .  D  ADDR  0098H  NOT USED
SINT . . . . . . . . . . . . . . . .  C  ADDR  0023H  NOT USED
SM0. . . . . . . . . . . . . . . . .  B  ADDR  009FH  NOT USED
SM1. . . . . . . . . . . . . . . . .  B  ADDR  009EH  NOT USED
SM2. . . . . . . . . . . . . . . . .  B  ADDR  009DH  NOT USED
SP . . . . . . . . . . . . . . . . .  D  ADDR  0081H  NOT USED
SPCON. . . . . . . . . . . . . . . .  D  ADDR  00C3H  NOT USED
SPCR . . . . . . . . . . . . . . . .  D  ADDR  00D5H  NOT USED
SPDAT. . . . . . . . . . . . . . . .  D  ADDR  00C5H  NOT USED
SPDR . . . . . . . . . . . . . . . .  D  ADDR  0086H  NOT USED
SPSR . . . . . . . . . . . . . . . .  D  ADDR  00AAH  NOT USED
SPSTA. . . . . . . . . . . . . . . .  D  ADDR  00C4H  NOT USED
T0 . . . . . . . . . . . . . . . . .  B  ADDR  00B4H  NOT USED
T1 . . . . . . . . . . . . . . . . .  B  ADDR  00B5H  NOT USED
T2CON. . . . . . . . . . . . . . . .  D  ADDR  00C8H  NOT USED
T2MOD. . . . . . . . . . . . . . . .  D  ADDR  00C9H  NOT USED
TB8. . . . . . . . . . . . . . . . .  B  ADDR  009BH  NOT USED
TCLK . . . . . . . . . . . . . . . .  B  ADDR  00CCH  NOT USED
TCON . . . . . . . . . . . . . . . .  D  ADDR  0088H  NOT USED
TF0. . . . . . . . . . . . . . . . .  B  ADDR  008DH  NOT USED
TF1. . . . . . . . . . . . . . . . .  B  ADDR  008FH  NOT USED
TF2. . . . . . . . . . . . . . . . .  B  ADDR  00CFH  NOT USED
TH0. . . . . . . . . . . . . . . . .  D  ADDR  008CH  NOT USED
TH1. . . . . . . . . . . . . . . . .  D  ADDR  008DH  NOT USED
TH2. . . . . . . . . . . . . . . . .  D  ADDR  00CDH  NOT USED
TI . . . . . . . . . . . . . . . . .  B  ADDR  0099H  NOT USED
TIMER0 . . . . . . . . . . . . . . .  C  ADDR  000BH  NOT USED
TIMER1 . . . . . . . . . . . . . . .  C  ADDR  001BH  NOT USED
TIMER2 . . . . . . . . . . . . . . .  C  ADDR  002BH  NOT USED
TL0. . . . . . . . . . . . . . . . .  D  ADDR  008AH  NOT USED
TL1. . . . . . . . . . . . . . . . .  D  ADDR  008BH  NOT USED
TL2. . . . . . . . . . . . . . . . .  D  ADDR  00CCH  NOT USED
TMOD . . . . . . . . . . . . . . . .  D  ADDR  0089H  NOT USED
TR0. . . . . . . . . . . . . . . . .  B  ADDR  008CH  NOT USED
TR1. . . . . . . . . . . . . . . . .  B  ADDR  008EH  NOT USED
TR2. . . . . . . . . . . . . . . . .  B  ADDR  00CAH  NOT USED
TXD. . . . . . . . . . . . . . . . .  B  ADDR  00B1H  NOT USED
VOGELDROP. . . . . . . . . . . . . .  C  ADDR  0095H
WANDRESET. . . . . . . . . . . . . .  C  ADDR  0091H
WDTCON . . . . . . . . . . . . . . .  D  ADDR  00A7H  NOT USED
WDTPRG . . . . . . . . . . . . . . .  D  ADDR  00A7H  NOT USED
WDTRST . . . . . . . . . . . . . . .  D  ADDR  00A6H  NOT USED
WR . . . . . . . . . . . . . . . . .  B  ADDR  00B6H  NOT USED